  Source.cpp
C:\Users\ttk08\source\repos\TranKien2005\Rhythm-Rush-project___SDL_game___-\Project2\Project2\Source.cpp(20,19): warning C4244: 'initializing': conversion from '_Rep' to 'unsigned int', possible loss of data
C:\Users\ttk08\source\repos\TranKien2005\Rhythm-Rush-project___SDL_game___-\Project2\Project2\Source.cpp(20,19): warning C4244:         with
C:\Users\ttk08\source\repos\TranKien2005\Rhythm-Rush-project___SDL_game___-\Project2\Project2\Source.cpp(20,19): warning C4244:         [
C:\Users\ttk08\source\repos\TranKien2005\Rhythm-Rush-project___SDL_game___-\Project2\Project2\Source.cpp(20,19): warning C4244:             _Rep=std::chrono::system_clock::rep
C:\Users\ttk08\source\repos\TranKien2005\Rhythm-Rush-project___SDL_game___-\Project2\Project2\Source.cpp(20,19): warning C4244:         ]
C:\Users\ttk08\source\repos\TranKien2005\Rhythm-Rush-project___SDL_game___-\Project2\Project2\Source.cpp(51,19): warning C4244: 'initializing': conversion from '_Rep' to 'unsigned int', possible loss of data
C:\Users\ttk08\source\repos\TranKien2005\Rhythm-Rush-project___SDL_game___-\Project2\Project2\Source.cpp(51,19): warning C4244:         with
C:\Users\ttk08\source\repos\TranKien2005\Rhythm-Rush-project___SDL_game___-\Project2\Project2\Source.cpp(51,19): warning C4244:         [
C:\Users\ttk08\source\repos\TranKien2005\Rhythm-Rush-project___SDL_game___-\Project2\Project2\Source.cpp(51,19): warning C4244:             _Rep=std::chrono::system_clock::rep
C:\Users\ttk08\source\repos\TranKien2005\Rhythm-Rush-project___SDL_game___-\Project2\Project2\Source.cpp(51,19): warning C4244:         ]
C:\Users\ttk08\source\repos\TranKien2005\Rhythm-Rush-project___SDL_game___-\Project2\Project2\Source.cpp(91,51): warning C4838: conversion from 'double' to 'int' requires a narrowing conversion
C:\Users\ttk08\source\repos\TranKien2005\Rhythm-Rush-project___SDL_game___-\Project2\Project2\Source.cpp(91,51): warning C4244: 'initializing': conversion from 'double' to 'int', possible loss of data
C:\Users\ttk08\source\repos\TranKien2005\Rhythm-Rush-project___SDL_game___-\Project2\Project2\Source.cpp(94,35): warning C4838: conversion from 'double' to 'int' requires a narrowing conversion
C:\Users\ttk08\source\repos\TranKien2005\Rhythm-Rush-project___SDL_game___-\Project2\Project2\Source.cpp(94,35): warning C4244: 'initializing': conversion from 'double' to 'int', possible loss of data
C:\Users\ttk08\source\repos\TranKien2005\Rhythm-Rush-project___SDL_game___-\Project2\Project2\Source.cpp(94,75): warning C4838: conversion from 'double' to 'int' requires a narrowing conversion
C:\Users\ttk08\source\repos\TranKien2005\Rhythm-Rush-project___SDL_game___-\Project2\Project2\Source.cpp(94,75): warning C4244: 'initializing': conversion from 'double' to 'int', possible loss of data
C:\Users\ttk08\source\repos\TranKien2005\Rhythm-Rush-project___SDL_game___-\Project2\Project2\Source.cpp(199,31): warning C4838: conversion from 'double' to 'int' requires a narrowing conversion
C:\Users\ttk08\source\repos\TranKien2005\Rhythm-Rush-project___SDL_game___-\Project2\Project2\Source.cpp(199,31): warning C4244: 'initializing': conversion from 'double' to 'int', possible loss of data
C:\Users\ttk08\source\repos\TranKien2005\Rhythm-Rush-project___SDL_game___-\Project2\Project2\Source.cpp(315,44): warning C4838: conversion from 'double' to 'int' requires a narrowing conversion
C:\Users\ttk08\source\repos\TranKien2005\Rhythm-Rush-project___SDL_game___-\Project2\Project2\Source.cpp(315,44): warning C4244: 'initializing': conversion from 'double' to 'int', possible loss of data
C:\Users\ttk08\source\repos\TranKien2005\Rhythm-Rush-project___SDL_game___-\Project2\Project2\Source.cpp(317,23): warning C4244: 'initializing': conversion from 'double' to 'Uint8', possible loss of data
C:\Users\ttk08\source\repos\TranKien2005\Rhythm-Rush-project___SDL_game___-\Project2\Project2\Source.cpp(318,25): warning C4244: 'initializing': conversion from 'double' to 'Uint8', possible loss of data
C:\Users\ttk08\source\repos\TranKien2005\Rhythm-Rush-project___SDL_game___-\Project2\Project2\Source.cpp(319,24): warning C4244: 'initializing': conversion from 'double' to 'Uint8', possible loss of data
C:\Users\ttk08\source\repos\TranKien2005\Rhythm-Rush-project___SDL_game___-\Project2\Project2\Source.cpp(425,53): warning C4244: 'argument': conversion from 'double' to 'int', possible loss of data
C:\Users\ttk08\source\repos\TranKien2005\Rhythm-Rush-project___SDL_game___-\Project2\Project2\Source.cpp(426,53): warning C4244: 'argument': conversion from 'double' to 'int', possible loss of data
C:\Users\ttk08\source\repos\TranKien2005\Rhythm-Rush-project___SDL_game___-\Project2\Project2\Source.cpp(427,53): warning C4244: 'argument': conversion from 'double' to 'int', possible loss of data
C:\Users\ttk08\source\repos\TranKien2005\Rhythm-Rush-project___SDL_game___-\Project2\Project2\Source.cpp(654,42): warning C4244: 'argument': conversion from 'const time_t' to 'double', possible loss of data
C:\Users\ttk08\source\repos\TranKien2005\Rhythm-Rush-project___SDL_game___-\Project2\Project2\Source.cpp(686,34): warning C4244: 'initializing': conversion from 'double' to 'Uint8', possible loss of data
C:\Users\ttk08\source\repos\TranKien2005\Rhythm-Rush-project___SDL_game___-\Project2\Project2\Source.cpp(732,41): warning C4244: 'initializing': conversion from 'double' to 'Uint8', possible loss of data
C:\Users\ttk08\source\repos\TranKien2005\Rhythm-Rush-project___SDL_game___-\Project2\Project2\Source.cpp(733,41): warning C4244: 'initializing': conversion from 'double' to 'Uint8', possible loss of data
C:\Users\ttk08\source\repos\TranKien2005\Rhythm-Rush-project___SDL_game___-\Project2\Project2\Source.cpp(734,41): warning C4244: 'initializing': conversion from 'double' to 'Uint8', possible loss of data
C:\Users\ttk08\source\repos\TranKien2005\Rhythm-Rush-project___SDL_game___-\Project2\Project2\Source.cpp(774,78): warning C4267: 'argument': conversion from 'size_t' to 'int', possible loss of data
C:\Users\ttk08\source\repos\TranKien2005\Rhythm-Rush-project___SDL_game___-\Project2\Project2\Source.cpp(791,44): warning C4267: 'initializing': conversion from 'size_t' to 'int', possible loss of data
C:\Users\ttk08\source\repos\TranKien2005\Rhythm-Rush-project___SDL_game___-\Project2\Project2\Source.cpp(872,122): warning C4267: 'argument': conversion from 'size_t' to 'int', possible loss of data
C:\Users\ttk08\source\repos\TranKien2005\Rhythm-Rush-project___SDL_game___-\Project2\Project2\Source.cpp(881,72): warning C4244: 'argument': conversion from 'double' to 'int', possible loss of data
C:\Users\ttk08\source\repos\TranKien2005\Rhythm-Rush-project___SDL_game___-\Project2\Project2\Source.cpp(884,88): warning C4244: 'argument': conversion from 'double' to 'int', possible loss of data
C:\Users\ttk08\source\repos\TranKien2005\Rhythm-Rush-project___SDL_game___-\Project2\Project2\Source.cpp(914,122): warning C4267: 'argument': conversion from 'size_t' to 'int', possible loss of data
C:\Users\ttk08\source\repos\TranKien2005\Rhythm-Rush-project___SDL_game___-\Project2\Project2\Source.cpp(923,72): warning C4244: 'argument': conversion from 'double' to 'int', possible loss of data
C:\Users\ttk08\source\repos\TranKien2005\Rhythm-Rush-project___SDL_game___-\Project2\Project2\Source.cpp(926,88): warning C4244: 'argument': conversion from 'double' to 'int', possible loss of data
C:\Users\ttk08\source\repos\TranKien2005\Rhythm-Rush-project___SDL_game___-\Project2\Project2\Source.cpp(955,122): warning C4267: 'argument': conversion from 'size_t' to 'int', possible loss of data
C:\Users\ttk08\source\repos\TranKien2005\Rhythm-Rush-project___SDL_game___-\Project2\Project2\Source.cpp(964,72): warning C4244: 'argument': conversion from 'double' to 'int', possible loss of data
C:\Users\ttk08\source\repos\TranKien2005\Rhythm-Rush-project___SDL_game___-\Project2\Project2\Source.cpp(967,88): warning C4244: 'argument': conversion from 'double' to 'int', possible loss of data
C:\Users\ttk08\source\repos\TranKien2005\Rhythm-Rush-project___SDL_game___-\Project2\Project2\Source.cpp(995,122): warning C4267: 'argument': conversion from 'size_t' to 'int', possible loss of data
C:\Users\ttk08\source\repos\TranKien2005\Rhythm-Rush-project___SDL_game___-\Project2\Project2\Source.cpp(1004,72): warning C4244: 'argument': conversion from 'double' to 'int', possible loss of data
C:\Users\ttk08\source\repos\TranKien2005\Rhythm-Rush-project___SDL_game___-\Project2\Project2\Source.cpp(1007,88): warning C4244: 'argument': conversion from 'double' to 'int', possible loss of data
C:\Users\ttk08\source\repos\TranKien2005\Rhythm-Rush-project___SDL_game___-\Project2\Project2\Source.cpp(1035,122): warning C4267: 'argument': conversion from 'size_t' to 'int', possible loss of data
C:\Users\ttk08\source\repos\TranKien2005\Rhythm-Rush-project___SDL_game___-\Project2\Project2\Source.cpp(1044,72): warning C4244: 'argument': conversion from 'double' to 'int', possible loss of data
C:\Users\ttk08\source\repos\TranKien2005\Rhythm-Rush-project___SDL_game___-\Project2\Project2\Source.cpp(1047,88): warning C4244: 'argument': conversion from 'double' to 'int', possible loss of data
C:\Users\ttk08\source\repos\TranKien2005\Rhythm-Rush-project___SDL_game___-\Project2\Project2\Source.cpp(1075,122): warning C4267: 'argument': conversion from 'size_t' to 'int', possible loss of data
C:\Users\ttk08\source\repos\TranKien2005\Rhythm-Rush-project___SDL_game___-\Project2\Project2\Source.cpp(1084,72): warning C4244: 'argument': conversion from 'double' to 'int', possible loss of data
C:\Users\ttk08\source\repos\TranKien2005\Rhythm-Rush-project___SDL_game___-\Project2\Project2\Source.cpp(1087,88): warning C4244: 'argument': conversion from 'double' to 'int', possible loss of data
C:\Users\ttk08\source\repos\TranKien2005\Rhythm-Rush-project___SDL_game___-\Project2\Project2\Source.cpp(1322,41): warning C4244: 'initializing': conversion from 'double' to 'float', possible loss of data
  Project2.vcxproj -> C:\Users\ttk08\source\repos\TranKien2005\Rhythm-Rush-project___SDL_game___-\Project2\x64\Debug\Project2.exe
